<?xml version="1.0" encoding="UTF-8"?>
<!-- Generated by org.testng.reporters.JUnitReportReporter -->
<testsuite skipped="0" hostname="DESKTOP-R0QK2O8" name="tests.GetAPITest" tests="1" failures="0" timestamp="10 Jul 2019 19:21:13 GMT" time="2.105" errors="0">
  <testcase name="verifyGetUsersApi" time="2.105" classname="tests.GetAPITest"/>
</testsuite> <!-- tests.GetAPITest -->
